<?xml version="1.0" encoding="UTF-8"?>
<!-- Generated by org.testng.reporters.JUnitXMLReporter -->
<testsuite hostname="HP" ignored="0" name="Command line test" tests="3" failures="0" timestamp="23 Nov 2020 08:24:43 GMT" time="0.052" errors="0">
  <testcase name="regTest" time="0.001" classname="sanityTest.RegressionTest"/>
  <testcase name="regTest2" time="0.002" classname="sanityTest.RegressionTest"/>
  <testcase name="test1" time="0.0" classname="sanityTest.SanityTest"/>
</testsuite> <!-- Command line test -->
