<?xml version="1.0" encoding="UTF-8"?>
<testng-results skipped="0" failed="0" ignored="0" total="1" passed="1">
  <reporter-output>
  </reporter-output>
  <suite name="Default suite" duration-ms="149" started-at="2020-11-21T12:24:10Z" finished-at="2020-11-21T12:24:11Z">
    <groups>
      <group name="Sanity">
        <method signature="SanityTest.test1()[pri:0, instance:sanityTest.SanityTest@123f1134]" name="test1" class="sanityTest.SanityTest"/>
      </group> <!-- Sanity -->
    </groups>
    <test name="Default test" duration-ms="149" started-at="2020-11-21T12:24:10Z" finished-at="2020-11-21T12:24:11Z">
      <class name="sanityTest.SanityTest">
        <test-method status="PASS" signature="beforeTest()[pri:0, instance:sanityTest.SanityTest@123f1134]" name="beforeTest" is-config="true" duration-ms="36" started-at="2020-11-21T12:24:10Z" finished-at="2020-11-21T12:24:10Z">
          <reporter-output>
          </reporter-output>
        </test-method> <!-- beforeTest -->
        <test-method status="PASS" signature="beforeMethod()[pri:0, instance:sanityTest.SanityTest@123f1134]" name="beforeMethod" is-config="true" duration-ms="1" started-at="2020-11-21T12:24:10Z" finished-at="2020-11-21T12:24:10Z">
          <reporter-output>
          </reporter-output>
        </test-method> <!-- beforeMethod -->
        <test-method status="PASS" signature="test1()[pri:0, instance:sanityTest.SanityTest@123f1134]" name="test1" duration-ms="15" started-at="2020-11-21T12:24:10Z" finished-at="2020-11-21T12:24:10Z">
          <reporter-output>
          </reporter-output>
        </test-method> <!-- test1 -->
        <test-method status="PASS" signature="AfterTest()[pri:0, instance:sanityTest.SanityTest@123f1134]" name="AfterTest" is-config="true" duration-ms="2" started-at="2020-11-21T12:24:11Z" finished-at="2020-11-21T12:24:11Z">
          <reporter-output>
          </reporter-output>
        </test-method> <!-- AfterTest -->
      </class> <!-- sanityTest.SanityTest -->
    </test> <!-- Default test -->
  </suite> <!-- Default suite -->
</testng-results>
